build/app/intermediates/manifest_merge_blame_file/release/manifest-merger-blame-release-report.txt
1<?xml version="1.0" encoding="utf-8"?>
2<manifest xmlns:android="http://schemas.android.com/apk/res/android"
3    package="com.example.nerofix"
4    android:versionCode="1"
5    android:versionName="1.0.0" >
6
7    <uses-sdk
8        android:minSdkVersion="21"
8-->src/main/AndroidManifest.xml
9        android:targetSdkVersion="33" />
9-->src/main/AndroidManifest.xml
10
11    <uses-permission android:name="android.permission.ACCESS_NETWORK_STATE" />
11-->src/main/AndroidManifest.xml:3:5-79
11-->src/main/AndroidManifest.xml:3:22-76
12    <uses-permission android:name="android.permission.INTERNET" />
12-->src/main/AndroidManifest.xml:4:2-64
12-->src/main/AndroidManifest.xml:4:19-61
13    <uses-permission android:name="android.permission.CAMERA" />
13-->src/main/AndroidManifest.xml:5:2-62
13-->src/main/AndroidManifest.xml:5:19-59
14    <uses-permission android:name="android.permission.WRITE_EXTERNAL_STORAGE" />
14-->src/main/AndroidManifest.xml:6:2-78
14-->src/main/AndroidManifest.xml:6:19-75
15    <uses-permission android:name="android.permission.READ_EXTERNAL_STORAGE" />
15-->src/main/AndroidManifest.xml:7:2-77
15-->src/main/AndroidManifest.xml:7:19-74
16    <uses-permission android:name="android.permission.ACCESS_COARSE_LOCATION" />
16-->src/main/AndroidManifest.xml:8:3-79
16-->src/main/AndroidManifest.xml:8:20-76
17    <uses-permission android:name="android.permission.ACCESS_FINE_LOCATION" />
17-->src/main/AndroidManifest.xml:9:2-76
17-->src/main/AndroidManifest.xml:9:19-73
18    <uses-permission android:name="android.permission.RECORD_AUDIO" />
18-->[:camera_android] AndroidManifest.xml:10:5-71
18-->[:camera_android] AndroidManifest.xml:10:22-68
19
20    <permission
20-->[androidx.core:core:1.10.1] AndroidManifest.xml:22:5-24:47
21        android:name="com.example.nerofix.DYNAMIC_RECEIVER_NOT_EXPORTED_PERMISSION"
21-->[androidx.core:core:1.10.1] AndroidManifest.xml:23:9-81
22        android:protectionLevel="signature" />
22-->[androidx.core:core:1.10.1] AndroidManifest.xml:24:9-44
23
24    <uses-permission android:name="com.example.nerofix.DYNAMIC_RECEIVER_NOT_EXPORTED_PERMISSION" /> <!-- Don't require camera, as this requires a rear camera. This allows it to work on the Nexus 7 -->
24-->[androidx.core:core:1.10.1] AndroidManifest.xml:26:5-97
24-->[androidx.core:core:1.10.1] AndroidManifest.xml:26:22-94
25    <uses-feature
25-->[com.journeyapps:zxing-android-embedded:4.3.0] AndroidManifest.xml:25:5-27:36
26        android:name="android.hardware.camera"
26-->[com.journeyapps:zxing-android-embedded:4.3.0] AndroidManifest.xml:26:9-47
27        android:required="false" />
27-->[com.journeyapps:zxing-android-embedded:4.3.0] AndroidManifest.xml:27:9-33
28    <uses-feature
28-->[com.journeyapps:zxing-android-embedded:4.3.0] AndroidManifest.xml:28:5-30:36
29        android:name="android.hardware.camera.front"
29-->[com.journeyapps:zxing-android-embedded:4.3.0] AndroidManifest.xml:29:9-53
30        android:required="false" /> <!-- TODO replace above two with next line after Android 4.2 -->
30-->[com.journeyapps:zxing-android-embedded:4.3.0] AndroidManifest.xml:30:9-33
31    <!-- <uses-feature android:name="android.hardware.camera.any"/> -->
32    <uses-feature
32-->[com.journeyapps:zxing-android-embedded:4.3.0] AndroidManifest.xml:33:5-35:36
33        android:name="android.hardware.camera.autofocus"
33-->[com.journeyapps:zxing-android-embedded:4.3.0] AndroidManifest.xml:34:9-57
34        android:required="false" />
34-->[com.journeyapps:zxing-android-embedded:4.3.0] AndroidManifest.xml:35:9-33
35    <uses-feature
35-->[com.journeyapps:zxing-android-embedded:4.3.0] AndroidManifest.xml:36:5-38:36
36        android:name="android.hardware.camera.flash"
36-->[com.journeyapps:zxing-android-embedded:4.3.0] AndroidManifest.xml:37:9-53
37        android:required="false" />
37-->[com.journeyapps:zxing-android-embedded:4.3.0] AndroidManifest.xml:38:9-33
38    <uses-feature
38-->[com.journeyapps:zxing-android-embedded:4.3.0] AndroidManifest.xml:39:5-41:36
39        android:name="android.hardware.screen.landscape"
39-->[com.journeyapps:zxing-android-embedded:4.3.0] AndroidManifest.xml:40:9-57
40        android:required="false" />
40-->[com.journeyapps:zxing-android-embedded:4.3.0] AndroidManifest.xml:41:9-33
41    <uses-feature
41-->[com.journeyapps:zxing-android-embedded:4.3.0] AndroidManifest.xml:42:5-44:36
42        android:name="android.hardware.wifi"
42-->[com.journeyapps:zxing-android-embedded:4.3.0] AndroidManifest.xml:43:9-45
43        android:required="false" />
43-->[com.journeyapps:zxing-android-embedded:4.3.0] AndroidManifest.xml:44:9-33
44
45    <application
46        android:name="android.app.Application"
46-->src/main/AndroidManifest.xml:12:9-42
47        android:appComponentFactory="androidx.core.app.CoreComponentFactory"
47-->[androidx.core:core:1.10.1] AndroidManifest.xml:28:18-86
48        android:icon="@mipmap/ic_launcher"
48-->src/main/AndroidManifest.xml:13:9-43
49        android:label="nerofix" >
49-->src/main/AndroidManifest.xml:11:9-32
50        <activity
50-->src/main/AndroidManifest.xml:14:9-34:20
51            android:name="com.example.nerofix.MainActivity"
51-->src/main/AndroidManifest.xml:15:13-41
52            android:configChanges="orientation|keyboardHidden|keyboard|screenSize|smallestScreenSize|locale|layoutDirection|fontScale|screenLayout|density|uiMode"
52-->src/main/AndroidManifest.xml:19:13-163
53            android:exported="true"
53-->src/main/AndroidManifest.xml:16:13-36
54            android:hardwareAccelerated="true"
54-->src/main/AndroidManifest.xml:20:13-47
55            android:launchMode="singleTop"
55-->src/main/AndroidManifest.xml:17:13-43
56            android:theme="@style/LaunchTheme"
56-->src/main/AndroidManifest.xml:18:13-47
57            android:windowSoftInputMode="adjustResize" >
57-->src/main/AndroidManifest.xml:21:13-55
58
59            <!--
60                 Specifies an Android theme to apply to this Activity as soon as
61                 the Android process has started. This theme is visible to the user
62                 while the Flutter UI initializes. After that, this theme continues
63                 to determine the Window background behind the Flutter UI.
64            -->
65            <meta-data
65-->src/main/AndroidManifest.xml:26:13-29:17
66                android:name="io.flutter.embedding.android.NormalTheme"
66-->src/main/AndroidManifest.xml:27:15-70
67                android:resource="@style/NormalTheme" />
67-->src/main/AndroidManifest.xml:28:15-52
68
69            <intent-filter>
69-->src/main/AndroidManifest.xml:30:13-33:29
70                <action android:name="android.intent.action.MAIN" />
70-->src/main/AndroidManifest.xml:31:17-68
70-->src/main/AndroidManifest.xml:31:25-66
71
72                <category android:name="android.intent.category.LAUNCHER" />
72-->src/main/AndroidManifest.xml:32:17-76
72-->src/main/AndroidManifest.xml:32:27-74
73            </intent-filter>
74        </activity>
75        <!--
76             Don't delete the meta-data below.
77             This is used by the Flutter tool to generate GeneratedPluginRegistrant.java
78        -->
79        <meta-data
79-->src/main/AndroidManifest.xml:37:9-39:33
80            android:name="flutterEmbedding"
80-->src/main/AndroidManifest.xml:38:13-44
81            android:value="2" />
81-->src/main/AndroidManifest.xml:39:13-30
82
83        <service
83-->[:geolocator_android] AndroidManifest.xml:10:9-14:56
84            android:name="com.baseflow.geolocator.GeolocatorLocationService"
84-->[:geolocator_android] AndroidManifest.xml:11:13-77
85            android:enabled="true"
85-->[:geolocator_android] AndroidManifest.xml:12:13-35
86            android:exported="false"
86-->[:geolocator_android] AndroidManifest.xml:13:13-37
87            android:foregroundServiceType="location" />
87-->[:geolocator_android] AndroidManifest.xml:14:13-53
88
89        <activity
89-->[:url_launcher_android] AndroidManifest.xml:10:9-13:74
90            android:name="io.flutter.plugins.urllauncher.WebViewActivity"
90-->[:url_launcher_android] AndroidManifest.xml:11:13-74
91            android:exported="false"
91-->[:url_launcher_android] AndroidManifest.xml:12:13-37
92            android:theme="@android:style/Theme.NoTitleBar.Fullscreen" />
92-->[:url_launcher_android] AndroidManifest.xml:13:13-71
93
94        <uses-library
94-->[androidx.window:window:1.0.0-beta04] AndroidManifest.xml:25:9-27:40
95            android:name="androidx.window.extensions"
95-->[androidx.window:window:1.0.0-beta04] AndroidManifest.xml:26:13-54
96            android:required="false" />
96-->[androidx.window:window:1.0.0-beta04] AndroidManifest.xml:27:13-37
97        <uses-library
97-->[androidx.window:window:1.0.0-beta04] AndroidManifest.xml:28:9-30:40
98            android:name="androidx.window.sidecar"
98-->[androidx.window:window:1.0.0-beta04] AndroidManifest.xml:29:13-51
99            android:required="false" />
99-->[androidx.window:window:1.0.0-beta04] AndroidManifest.xml:30:13-37
100
101        <activity
101-->[com.google.android.gms:play-services-base:18.1.0] AndroidManifest.xml:20:9-22:45
102            android:name="com.google.android.gms.common.api.GoogleApiActivity"
102-->[com.google.android.gms:play-services-base:18.1.0] AndroidManifest.xml:20:19-85
103            android:exported="false"
103-->[com.google.android.gms:play-services-base:18.1.0] AndroidManifest.xml:22:19-43
104            android:theme="@android:style/Theme.Translucent.NoTitleBar" />
104-->[com.google.android.gms:play-services-base:18.1.0] AndroidManifest.xml:21:19-78
105
106        <meta-data
106-->[com.google.android.gms:play-services-basement:18.1.0] AndroidManifest.xml:21:9-23:69
107            android:name="com.google.android.gms.version"
107-->[com.google.android.gms:play-services-basement:18.1.0] AndroidManifest.xml:22:13-58
108            android:value="@integer/google_play_services_version" />
108-->[com.google.android.gms:play-services-basement:18.1.0] AndroidManifest.xml:23:13-66
109
110        <provider
110-->[androidx.emoji2:emoji2:1.0.0] AndroidManifest.xml:26:9-34:20
111            android:name="androidx.startup.InitializationProvider"
111-->[androidx.emoji2:emoji2:1.0.0] AndroidManifest.xml:27:13-67
112            android:authorities="com.example.nerofix.androidx-startup"
112-->[androidx.emoji2:emoji2:1.0.0] AndroidManifest.xml:28:13-68
113            android:exported="false" >
113-->[androidx.emoji2:emoji2:1.0.0] AndroidManifest.xml:29:13-37
114            <meta-data
114-->[androidx.emoji2:emoji2:1.0.0] AndroidManifest.xml:31:13-33:52
115                android:name="androidx.emoji2.text.EmojiCompatInitializer"
115-->[androidx.emoji2:emoji2:1.0.0] AndroidManifest.xml:32:17-75
116                android:value="androidx.startup" />
116-->[androidx.emoji2:emoji2:1.0.0] AndroidManifest.xml:33:17-49
117            <meta-data
117-->[androidx.lifecycle:lifecycle-process:2.4.0] AndroidManifest.xml:31:13-33:52
118                android:name="androidx.lifecycle.ProcessLifecycleInitializer"
118-->[androidx.lifecycle:lifecycle-process:2.4.0] AndroidManifest.xml:32:17-78
119                android:value="androidx.startup" />
119-->[androidx.lifecycle:lifecycle-process:2.4.0] AndroidManifest.xml:33:17-49
120        </provider>
121
122        <activity
122-->[com.journeyapps:zxing-android-embedded:4.3.0] AndroidManifest.xml:47:9-53:63
123            android:name="com.journeyapps.barcodescanner.CaptureActivity"
123-->[com.journeyapps:zxing-android-embedded:4.3.0] AndroidManifest.xml:48:13-74
124            android:clearTaskOnLaunch="true"
124-->[com.journeyapps:zxing-android-embedded:4.3.0] AndroidManifest.xml:49:13-45
125            android:screenOrientation="sensorLandscape"
125-->[com.journeyapps:zxing-android-embedded:4.3.0] AndroidManifest.xml:50:13-56
126            android:stateNotNeeded="true"
126-->[com.journeyapps:zxing-android-embedded:4.3.0] AndroidManifest.xml:51:13-42
127            android:theme="@style/zxing_CaptureTheme"
127-->[com.journeyapps:zxing-android-embedded:4.3.0] AndroidManifest.xml:52:13-54
128            android:windowSoftInputMode="stateAlwaysHidden" />
128-->[com.journeyapps:zxing-android-embedded:4.3.0] AndroidManifest.xml:53:13-60
129    </application>
130
131</manifest>